[INFO ] 2023-12-25 10:33:38.721 [main] StepDef - Setup method executed
[INFO ] 2023-12-25 10:33:48.401 [main] StepDef - Url opened
[INFO ] 2023-12-25 10:33:49.163 [main] StepDef - Entered email and password
[INFO ] 2023-12-25 10:34:39.775 [main] StepDef - Clicked n login button
[INFO ] 2023-12-25 10:34:43.781 [main] StepDef - User can see dashboard test - passed.
[INFO ] 2023-12-25 10:34:47.239 [main] StepDef - Clicked on Customers dropdown menu
[INFO ] 2023-12-25 10:34:57.866 [main] StepDef - Clicked on Customers option
[INFO ] 2023-12-25 10:34:59.681 [main] StepDef - First name entered
[INFO ] 2023-12-25 10:34:59.810 [main] StepDef - Last name entered
[INFO ] 2023-12-25 10:34:59.881 [main] StepDef - Clicked on search button.
[INFO ] 2023-12-25 10:35:02.135 [main] StepDef - User should found name in search table - Passed
[INFO ] 2023-12-25 10:35:02.628 [main] StepDef - Closed the browser
[INFO ] 2023-12-25 10:35:02.631 [main] StepDef - Screenshot captured
[INFO ] 2023-12-25 10:35:02.769 [main] StepDef - Teardown method executed
[INFO ] 2023-12-25 11:06:17.108 [main] StepDef - Setup method executed
[INFO ] 2023-12-25 11:06:19.756 [main] StepDef - Url opened
[INFO ] 2023-12-25 11:06:20.053 [main] StepDef - Entered email and password
[INFO ] 2023-12-25 11:06:26.043 [main] StepDef - Clicked n login button
[INFO ] 2023-12-25 11:06:27.960 [main] StepDef - User can see dashboard test - passed.
[INFO ] 2023-12-25 11:06:28.579 [main] StepDef - Screenshot captured
[INFO ] 2023-12-25 11:06:29.083 [main] StepDef - Teardown method executed
